<?xml version="1.0" encoding="UTF-8"?>
<!-- Generated by org.testng.reporters.JUnitXMLReporter -->
<testsuite ignored="7" hostname="DESKTOP-HL4JRJF" failures="1" tests="1" name="Default test" time="20.779" errors="0" timestamp="2022-08-04T20:20:19 IST">
  <testcase classname="com.bridgelabz.selenium.ListBox" name="listBoxExample" time="1.955">
    <failure type="org.openqa.selenium.NoSuchElementException" message="Cannot locate option with text: Poori
For documentation on this error, please visit: https://selenium.dev/exceptions/#no_such_element
Build info: version: &amp;apos;4.1.4&amp;apos;, revision: &amp;apos;535d840ee2&amp;apos;
System info: host: &amp;apos;DESKTOP-HL4JRJF&amp;apos;, ip: &amp;apos;192.168.1.8&amp;apos;, os.name: &amp;apos;Windows 10&amp;apos;, os.arch: &amp;apos;amd64&amp;apos;, os.version: &amp;apos;10.0&amp;apos;, java.version: &amp;apos;17.0.1&amp;apos;
Driver info: driver.version: unknown">
      <![CDATA[org.openqa.selenium.NoSuchElementException: Cannot locate option with text: Poori
For documentation on this error, please visit: https://selenium.dev/exceptions/#no_such_element
Build info: version: '4.1.4', revision: '535d840ee2'
System info: host: 'DESKTOP-HL4JRJF', ip: '192.168.1.8', os.name: 'Windows 10', os.arch: 'amd64', os.version: '10.0', java.version: '17.0.1'
Driver info: driver.version: unknown
at org.openqa.selenium.support.ui.Select.selectByVisibleText(Select.java:151)
at com.bridgelabz.selenium.ListBox.listBoxExample(ListBox.java:57)
at java.base/jdk.internal.reflect.NativeMethodAccessorImpl.invoke0(Native Method)
at java.base/jdk.internal.reflect.NativeMethodAccessorImpl.invoke(NativeMethodAccessorImpl.java:77)
at java.base/jdk.internal.reflect.DelegatingMethodAccessorImpl.invoke(DelegatingMethodAccessorImpl.java:43)
at java.base/java.lang.reflect.Method.invoke(Method.java:568)
at org.testng.internal.MethodInvocationHelper.invokeMethod(MethodInvocationHelper.java:133)
at org.testng.internal.TestInvoker.invokeMethod(TestInvoker.java:598)
at org.testng.internal.TestInvoker.invokeTestMethod(TestInvoker.java:173)
at org.testng.internal.MethodRunner.runInSequence(MethodRunner.java:46)
at org.testng.internal.TestInvoker$MethodInvocationAgent.invoke(TestInvoker.java:824)
at org.testng.internal.TestInvoker.invokeTestMethods(TestInvoker.java:146)
at org.testng.internal.TestMethodWorker.invokeTestMethods(TestMethodWorker.java:146)
at org.testng.internal.TestMethodWorker.run(TestMethodWorker.java:128)
at java.base/java.util.ArrayList.forEach(ArrayList.java:1511)
at org.testng.TestRunner.privateRun(TestRunner.java:794)
at org.testng.TestRunner.run(TestRunner.java:596)
at org.testng.SuiteRunner.runTest(SuiteRunner.java:377)
at org.testng.SuiteRunner.runSequentially(SuiteRunner.java:371)
at org.testng.SuiteRunner.privateRun(SuiteRunner.java:332)
at org.testng.SuiteRunner.run(SuiteRunner.java:276)
at org.testng.SuiteRunnerWorker.runSuite(SuiteRunnerWorker.java:53)
at org.testng.SuiteRunnerWorker.run(SuiteRunnerWorker.java:96)
at org.testng.TestNG.runSuitesSequentially(TestNG.java:1212)
at org.testng.TestNG.runSuitesLocally(TestNG.java:1134)
at org.testng.TestNG.runSuites(TestNG.java:1063)
at org.testng.TestNG.run(TestNG.java:1031)
at org.testng.remote.AbstractRemoteTestNG.run(AbstractRemoteTestNG.java:115)
at org.testng.remote.RemoteTestNG.initAndRun(RemoteTestNG.java:251)
at org.testng.remote.RemoteTestNG.main(RemoteTestNG.java:77)
]]>
    </failure>
  </testcase> <!-- listBoxExample -->
  <testcase classname="com.bridgelabz.selenium.ListBox" name="printUniqueElementinthelistbox" time="0.0">
    <ignored/>
  </testcase> <!-- printUniqueElementinthelistbox -->
  <testcase classname="com.bridgelabz.selenium.ListBox" name="PrintListValues_SortedOrder" time="0.0">
    <ignored/>
  </testcase> <!-- PrintListValues_SortedOrder -->
  <testcase classname="com.bridgelabz.selenium.ListBox" name="ListBoxExample" time="0.0">
    <ignored/>
  </testcase> <!-- ListBoxExample -->
  <testcase classname="com.bridgelabz.selenium.ListBox" name="printUniqueElement_Sorted" time="0.0">
    <ignored/>
  </testcase> <!-- printUniqueElement_Sorted -->
  <testcase classname="com.bridgelabz.selenium.ListBox" name="checklisthasDUPLICATEvalues_HashSet" time="0.0">
    <ignored/>
  </testcase> <!-- checklisthasDUPLICATEvalues_HashSet -->
  <testcase classname="com.bridgelabz.selenium.ListBox" name="PrinttheDUPLICATEItem_intheList_HashSet" time="0.0">
    <ignored/>
  </testcase> <!-- PrinttheDUPLICATEItem_intheList_HashSet -->
  <testcase classname="com.bridgelabz.selenium.ListBox" name="HashMapExample_printtheOcuuranceOfPoori" time="0.0">
    <ignored/>
  </testcase> <!-- HashMapExample_printtheOcuuranceOfPoori -->
</testsuite> <!-- Default test -->
